2025-04-06 21:56:26,626 INFO: Inicialización de logs completa. [en C:\Universidad\Diseño de Software\Proyecto\utilidades\logging.py:20]
2025-04-06 21:56:28,600 INFO: Inicialización de logs completa. [en C:\Universidad\Diseño de Software\Proyecto\utilidades\logging.py:20]
2025-04-06 22:03:06,129 INFO: Inicialización de logs completa. [en C:\Universidad\Diseño de Software\Proyecto\utilidades\logging.py:20]
2025-04-06 22:03:07,978 INFO: Inicialización de logs completa. [en C:\Universidad\Diseño de Software\Proyecto\utilidades\logging.py:20]
2025-04-06 22:03:18,334 ERROR: Error al registrar usuario: (sqlite3.IntegrityError) UNIQUE constraint failed: usuarios.correo
[SQL: INSERT INTO usuarios (nombre, correo, contrasena) VALUES (?, ?, ?)]
[parameters: ('Web', 'itan.daniel.fr@gmail.com', 'scrypt:32768:8:1$z28Hw96u4iidn5i6$3a24cd705bc6dd145b3db00018b6b1d92fcfaf472747ae0f46b105131391a7295577892707b2cb88f735e6d18d9e2533c8c91a7e0443d80b1d5e5ca0506fb8c8')]
(Background on this error at: https://sqlalche.me/e/20/gkpj) [en C:\Universidad\Diseño de Software\Proyecto\rutas\usuario_rutas.py:26]
2025-04-06 22:03:22,690 ERROR: Error al registrar usuario: (sqlite3.IntegrityError) UNIQUE constraint failed: usuarios.correo
[SQL: INSERT INTO usuarios (nombre, correo, contrasena) VALUES (?, ?, ?)]
[parameters: ('Web', 'itan.daniel.fr@gmail.com', 'scrypt:32768:8:1$BKUhDUPWIds4udme$d0ddb47f2925157163243ac0c0f551032feed51cee070fd548228154fd32ee6a81bf15c924ba8d4544ac4ca5e840c269ac02a6318f6f340269eb664a420a8018')]
(Background on this error at: https://sqlalche.me/e/20/gkpj) [en C:\Universidad\Diseño de Software\Proyecto\rutas\usuario_rutas.py:26]
2025-04-06 22:05:28,931 INFO: Inicialización de logs completa. [en C:\Universidad\Diseño de Software\Proyecto\utilidades\logging.py:20]
2025-04-06 22:05:30,801 INFO: Inicialización de logs completa. [en C:\Universidad\Diseño de Software\Proyecto\utilidades\logging.py:20]
2025-04-06 22:23:49,166 INFO: Inicialización de logs completa. [en C:\Universidad\Diseño de Software\Proyecto\utilidades\logging.py:20]
2025-04-06 22:23:51,153 INFO: Inicialización de logs completa. [en C:\Universidad\Diseño de Software\Proyecto\utilidades\logging.py:20]
2025-04-06 22:31:34,436 INFO: Inicialización de logs completa. [en C:\Universidad\Diseño de Software\Proyecto\utilidades\logging.py:20]
2025-04-06 22:31:36,223 INFO: Inicialización de logs completa. [en C:\Universidad\Diseño de Software\Proyecto\utilidades\logging.py:20]
2025-04-06 22:37:44,957 INFO: Inicialización de logs completa. [en C:\Universidad\Diseño de Software\Proyecto\utilidades\logging.py:20]
2025-04-06 22:37:46,898 INFO: Inicialización de logs completa. [en C:\Universidad\Diseño de Software\Proyecto\utilidades\logging.py:20]
2025-04-08 08:19:36,805 INFO: Inicialización de logs completa. [en C:\Universidad\Diseño de Software\Proyecto\utilidades\logging.py:20]
2025-04-08 08:19:40,920 INFO: Inicialización de logs completa. [en C:\Universidad\Diseño de Software\Proyecto\utilidades\logging.py:20]
2025-04-08 08:25:10,267 INFO: Inicialización de logs completa. [en C:\Universidad\Diseño de Software\Proyecto\utilidades\logging.py:20]
2025-04-08 08:25:16,160 INFO: Inicialización de logs completa. [en C:\Universidad\Diseño de Software\Proyecto\utilidades\logging.py:20]
2025-04-08 23:35:47,797 INFO: Inicialización de logs completa. [en C:\Users\itand\OneDrive\Documents\GitHub\Dise-o-de-software\Proyecto\utilidades\logging.py:20]
2025-04-08 23:35:48,599 INFO: Inicialización de logs completa. [en C:\Users\itand\OneDrive\Documents\GitHub\Dise-o-de-software\Proyecto\utilidades\logging.py:20]
2025-04-08 23:41:24,174 INFO: Inicialización de logs completa. [en C:\Users\itand\OneDrive\Documents\GitHub\Dise-o-de-software\Proyecto\utilidades\logging.py:20]
2025-04-08 23:54:33,435 INFO: Inicialización de logs completa. [en C:\Users\itand\OneDrive\Documents\GitHub\Dise-o-de-software\Proyecto\utilidades\logging.py:20]
2025-04-09 00:06:25,871 INFO: Inicialización de logs completa. [en C:\Users\itand\OneDrive\Documents\GitHub\Dise-o-de-software\Proyecto\utilidades\logging.py:20]
2025-04-09 00:06:53,567 INFO: Inicialización de logs completa. [en C:\Users\itand\OneDrive\Documents\GitHub\Dise-o-de-software\Proyecto\utilidades\logging.py:20]
2025-04-09 00:17:03,173 INFO: Inicialización de logs completa. [en C:\Users\itand\OneDrive\Documents\GitHub\Dise-o-de-software\Proyecto\utilidades\logging.py:20]
