2025-04-22 12:33:22,671 INFO: Inicialización de logs completa. [en C:\Users\itand\OneDrive\Documents\GitHub\Dise-o-de-software\Proyecto\utilidades\logging.py:20]
2025-04-22 12:33:27,524 INFO: Inicialización de logs completa. [en C:\Users\itand\OneDrive\Documents\GitHub\Dise-o-de-software\Proyecto\utilidades\logging.py:20]
2025-05-14 20:50:27,146 INFO: Inicialización de logs completa. [en c:\Users\itand\OneDrive\Documents\GitHub\Dise-o-de-software\Proyecto\utilidades\logging.py:20]
2025-05-14 20:50:28,175 INFO: Inicialización de logs completa. [en c:\Users\itand\OneDrive\Documents\GitHub\Dise-o-de-software\Proyecto\utilidades\logging.py:20]
2025-05-14 20:51:01,003 INFO: Inicialización de logs completa. [en c:\Users\itand\OneDrive\Documents\GitHub\Dise-o-de-software\Proyecto\utilidades\logging.py:20]
2025-05-14 20:51:02,017 INFO: Inicialización de logs completa. [en c:\Users\itand\OneDrive\Documents\GitHub\Dise-o-de-software\Proyecto\utilidades\logging.py:20]
2025-05-14 20:54:56,791 INFO: Inicialización de logs completa. [en c:\Users\itand\OneDrive\Documents\GitHub\Dise-o-de-software\Proyecto\utilidades\logging.py:20]
2025-05-14 20:55:01,127 INFO: Inicialización de logs completa. [en c:\Users\itand\OneDrive\Documents\GitHub\Dise-o-de-software\Proyecto\utilidades\logging.py:20]
2025-05-14 20:55:03,321 ERROR: Error al iniciar sesión: When initializing mapper Mapper[Usuario(usuarios)], expression 'Suscripcion' failed to locate a name ('Suscripcion'). If this is a class name, consider adding this relationship() to the <class 'modelos.usuario.Usuario'> class after both dependent classes have been defined. [en c:\Users\itand\OneDrive\Documents\GitHub\Dise-o-de-software\Proyecto\rutas\usuario_rutas.py:45]
2025-05-14 20:55:19,061 ERROR: Error al registrar usuario: One or more mappers failed to initialize - can't proceed with initialization of other mappers. Triggering mapper: 'Mapper[Usuario(usuarios)]'. Original exception was: When initializing mapper Mapper[Usuario(usuarios)], expression 'Suscripcion' failed to locate a name ('Suscripcion'). If this is a class name, consider adding this relationship() to the <class 'modelos.usuario.Usuario'> class after both dependent classes have been defined. [en c:\Users\itand\OneDrive\Documents\GitHub\Dise-o-de-software\Proyecto\rutas\usuario_rutas.py:22]
2025-05-14 20:57:30,751 INFO: Inicialización de logs completa. [en c:\Users\itand\OneDrive\Documents\GitHub\Dise-o-de-software\Proyecto\utilidades\logging.py:20]
2025-05-14 20:57:41,690 ERROR: Error al iniciar sesión: Credenciales inválidas [en c:\Users\itand\OneDrive\Documents\GitHub\Dise-o-de-software\Proyecto\rutas\usuario_rutas.py:45]
2025-05-14 22:02:18,857 INFO: Inicialización de logs completa. [en c:\Users\itand\OneDrive\Documents\GitHub\Dise-o-de-software\Proyecto\utilidades\logging.py:20]
2025-05-14 22:02:20,366 INFO: Inicialización de logs completa. [en c:\Users\itand\OneDrive\Documents\GitHub\Dise-o-de-software\Proyecto\utilidades\logging.py:20]
2025-05-14 22:33:07,540 INFO: Inicialización de logs completa. [en c:\Users\itand\OneDrive\Documents\GitHub\Dise-o-de-software\Proyecto\utilidades\logging.py:20]
2025-05-14 22:33:30,771 INFO: Inicialización de logs completa. [en c:\Users\itand\OneDrive\Documents\GitHub\Dise-o-de-software\Proyecto\utilidades\logging.py:20]
2025-05-14 22:51:12,851 INFO: Inicialización de logs completa. [en c:\Users\itand\OneDrive\Documents\GitHub\Dise-o-de-software\Proyecto\utilidades\logging.py:20]
2025-05-14 23:15:20,672 INFO: Inicialización de logs completa. [en c:\Users\itand\OneDrive\Documents\GitHub\Dise-o-de-software\Proyecto\utilidades\logging.py:20]
2025-05-14 23:16:20,733 INFO: Inicialización de logs completa. [en c:\Users\itand\OneDrive\Documents\GitHub\Dise-o-de-software\Proyecto\utilidades\logging.py:20]
2025-05-14 23:20:25,813 INFO: Inicialización de logs completa. [en c:\Users\itand\OneDrive\Documents\GitHub\Dise-o-de-software\Proyecto\utilidades\logging.py:20]
2025-05-14 23:20:26,679 INFO: Inicialización de logs completa. [en c:\Users\itand\OneDrive\Documents\GitHub\Dise-o-de-software\Proyecto\utilidades\logging.py:20]
2025-05-15 00:39:25,571 INFO: Inicialización de logs completa. [en C:\Users\itand\OneDrive\Documents\GitHub\Dise-o-de-software\Proyecto\utilidades\logging.py:20]
2025-05-15 00:39:27,734 INFO: Inicialización de logs completa. [en C:\Users\itand\OneDrive\Documents\GitHub\Dise-o-de-software\Proyecto\utilidades\logging.py:20]
2025-05-15 00:56:16,274 INFO: Inicialización de logs completa. [en c:\Users\itand\OneDrive\Documents\GitHub\Dise-o-de-software\Proyecto\utilidades\logging.py:20]
2025-05-15 00:56:23,799 INFO: Inicialización de logs completa. [en C:\Users\itand\OneDrive\Documents\GitHub\Dise-o-de-software\Proyecto\utilidades\logging.py:20]
2025-05-15 00:56:25,817 INFO: Inicialización de logs completa. [en C:\Users\itand\OneDrive\Documents\GitHub\Dise-o-de-software\Proyecto\utilidades\logging.py:20]
2025-05-22 10:53:45,240 INFO: Inicialización de logs completa. [en C:\Users\itand\OneDrive\Documents\GitHub\Dise-o-de-software\Proyecto\utilidades\logging.py:20]
2025-05-22 10:53:47,230 INFO: Inicialización de logs completa. [en C:\Users\itand\OneDrive\Documents\GitHub\Dise-o-de-software\Proyecto\utilidades\logging.py:20]
2025-05-22 10:53:53,794 ERROR: Error al iniciar sesión: UsuarioServicio.iniciar_sesion() missing 1 required positional argument: 'contrasena' [en C:\Users\itand\OneDrive\Documents\GitHub\Dise-o-de-software\Proyecto\rutas\usuario_rutas.py:45]
2025-05-22 10:53:58,198 ERROR: Error al iniciar sesión: UsuarioServicio.iniciar_sesion() missing 1 required positional argument: 'contrasena' [en C:\Users\itand\OneDrive\Documents\GitHub\Dise-o-de-software\Proyecto\rutas\usuario_rutas.py:45]
2025-05-22 10:53:59,203 ERROR: Error al iniciar sesión: UsuarioServicio.iniciar_sesion() missing 1 required positional argument: 'contrasena' [en C:\Users\itand\OneDrive\Documents\GitHub\Dise-o-de-software\Proyecto\rutas\usuario_rutas.py:45]
2025-05-22 10:54:00,311 ERROR: Error al iniciar sesión: UsuarioServicio.iniciar_sesion() missing 1 required positional argument: 'contrasena' [en C:\Users\itand\OneDrive\Documents\GitHub\Dise-o-de-software\Proyecto\rutas\usuario_rutas.py:45]
2025-05-22 11:33:52,782 INFO: Inicialización de logs completa. [en C:\Users\itand\OneDrive\Documents\GitHub\Dise-o-de-software\Proyecto\utilidades\logging.py:20]
2025-05-22 11:33:55,070 INFO: Inicialización de logs completa. [en C:\Users\itand\OneDrive\Documents\GitHub\Dise-o-de-software\Proyecto\utilidades\logging.py:20]
2025-05-22 11:48:35,205 INFO: Inicialización de logs completa. [en C:\Users\itand\OneDrive\Documents\GitHub\Dise-o-de-software\Proyecto\utilidades\logging.py:20]
2025-05-22 11:48:37,300 INFO: Inicialización de logs completa. [en C:\Users\itand\OneDrive\Documents\GitHub\Dise-o-de-software\Proyecto\utilidades\logging.py:20]
2025-05-22 11:49:43,081 INFO: Inicialización de logs completa. [en C:\Users\itand\OneDrive\Documents\GitHub\Dise-o-de-software\Proyecto\utilidades\logging.py:20]
2025-05-22 11:50:41,666 INFO: Inicialización de logs completa. [en C:\Users\itand\OneDrive\Documents\GitHub\Dise-o-de-software\Proyecto\utilidades\logging.py:20]
2025-05-22 11:50:43,850 INFO: Inicialización de logs completa. [en C:\Users\itand\OneDrive\Documents\GitHub\Dise-o-de-software\Proyecto\utilidades\logging.py:20]
2025-05-22 11:53:38,792 INFO: Inicialización de logs completa. [en C:\Users\itand\OneDrive\Documents\GitHub\Dise-o-de-software\Proyecto\utilidades\logging.py:20]
2025-05-22 11:53:40,904 INFO: Inicialización de logs completa. [en C:\Users\itand\OneDrive\Documents\GitHub\Dise-o-de-software\Proyecto\utilidades\logging.py:20]
2025-05-22 11:55:11,155 INFO: Inicialización de logs completa. [en C:\Users\itand\OneDrive\Documents\GitHub\Dise-o-de-software\Proyecto\utilidades\logging.py:20]
2025-05-22 11:55:13,139 INFO: Inicialización de logs completa. [en C:\Users\itand\OneDrive\Documents\GitHub\Dise-o-de-software\Proyecto\utilidades\logging.py:20]
2025-05-22 11:58:56,348 INFO: Inicialización de logs completa. [en C:\Users\itand\OneDrive\Documents\GitHub\Dise-o-de-software\Proyecto\utilidades\logging.py:20]
2025-05-22 11:58:58,416 INFO: Inicialización de logs completa. [en C:\Users\itand\OneDrive\Documents\GitHub\Dise-o-de-software\Proyecto\utilidades\logging.py:20]
